{
  "stats": {
    "suites": 1,
    "tests": 3,
    "passes": 3,
    "pending": 0,
    "failures": 0,
    "start": "2023-12-08T02:47:56.862Z",
    "end": "2023-12-08T02:48:08.919Z",
    "duration": 12057,
    "testsRegistered": 3,
    "passPercent": 100,
    "pendingPercent": 0,
    "other": 0,
    "hasOther": false,
    "skipped": 0,
    "hasSkipped": false
  },
  "results": [
    {
      "uuid": "8f2ad3f9-c5eb-46db-8c10-2807bffd9aba",
      "title": "",
      "fullFile": "cypress/e2e/methods/hidingcred.js",
      "file": "cypress/e2e/methods/hidingcred.js",
      "beforeHooks": [],
      "afterHooks": [],
      "tests": [],
      "suites": [
        {
          "uuid": "9b4ab848-d165-4672-a01c-258817c3027d",
          "title": "practicing hooks",
          "fullFile": "",
          "file": "",
          "beforeHooks": [],
          "afterHooks": [],
          "tests": [
            {
              "title": "Test 1",
              "fullTitle": "practicing hooks Test 1",
              "timedOut": null,
              "duration": 7613,
              "state": "passed",
              "speed": "medium",
              "pass": true,
              "fail": false,
              "pending": false,
              "context": null,
              "code": "cy.visit('/');\ncy.contains('Admin').click();\ncy.get(_admin.admin.addButton).click();",
              "err": {},
              "uuid": "7a48e3da-a4d6-40db-874a-d6a8394f007f",
              "parentUUID": "9b4ab848-d165-4672-a01c-258817c3027d",
              "isHook": false,
              "skipped": false
            },
            {
              "title": "Test 2",
              "fullTitle": "practicing hooks Test 2",
              "timedOut": null,
              "duration": 2180,
              "state": "passed",
              "speed": "fast",
              "pass": true,
              "fail": false,
              "pending": false,
              "context": null,
              "code": "cy.visit('/');\ncy.contains(\"Claim\").click();",
              "err": {},
              "uuid": "0fde3eeb-eee9-4434-a2ec-cb39c0ff1f94",
              "parentUUID": "9b4ab848-d165-4672-a01c-258817c3027d",
              "isHook": false,
              "skipped": false
            },
            {
              "title": "Test 2",
              "fullTitle": "practicing hooks Test 2",
              "timedOut": null,
              "duration": 2250,
              "state": "passed",
              "speed": "fast",
              "pass": true,
              "fail": false,
              "pending": false,
              "context": null,
              "code": "cy.visit('/');\ncy.contains(\"Directory\").click();",
              "err": {},
              "uuid": "72a68b48-5f8e-4936-a157-1f95d9ec0bee",
              "parentUUID": "9b4ab848-d165-4672-a01c-258817c3027d",
              "isHook": false,
              "skipped": false
            }
          ],
          "suites": [],
          "passes": [
            "7a48e3da-a4d6-40db-874a-d6a8394f007f",
            "0fde3eeb-eee9-4434-a2ec-cb39c0ff1f94",
            "72a68b48-5f8e-4936-a157-1f95d9ec0bee"
          ],
          "failures": [],
          "pending": [],
          "skipped": [],
          "duration": 12043,
          "root": false,
          "rootEmpty": false,
          "_timeout": 2000
        }
      ],
      "passes": [],
      "failures": [],
      "pending": [],
      "skipped": [],
      "duration": 0,
      "root": true,
      "rootEmpty": true,
      "_timeout": 2000
    }
  ],
  "meta": {
    "mocha": {
      "version": "7.0.1"
    },
    "mochawesome": {
      "options": {
        "quiet": false,
        "reportFilename": "mochawesome",
        "saveHtml": true,
        "saveJson": true,
        "consoleReporter": "spec",
        "useInlineDiffs": false,
        "code": true
      },
      "version": "7.1.3"
    },
    "marge": {
      "options": null,
      "version": "6.2.0"
    }
  }
}